Determining if the pthread_create exist failed with the following output:
Change Dir: /home/workspace/Where_Am_I/catkin_ws/build/CMakeFiles/CMakeTmp

Run Build Command:"/usr/bin/make" "cmTC_5ebd3/fast"
/usr/bin/make -f CMakeFiles/cmTC_5ebd3.dir/build.make CMakeFiles/cmTC_5ebd3.dir/build
make[1]: Entering directory '/home/workspace/Where_Am_I/catkin_ws/build/CMakeFiles/CMakeTmp'
Building C object CMakeFiles/cmTC_5ebd3.dir/CheckSymbolExists.c.o
/usr/bin/cc     -o CMakeFiles/cmTC_5ebd3.dir/CheckSymbolExists.c.o   -c /home/workspace/Where_Am_I/catkin_ws/build/CMakeFiles/CMakeTmp/CheckSymbolExists.c
Linking C executable cmTC_5ebd3
/usr/bin/cmake -E cmake_link_script CMakeFiles/cmTC_5ebd3.dir/link.txt --verbose=1
/usr/bin/cc       CMakeFiles/cmTC_5ebd3.dir/CheckSymbolExists.c.o  -o cmTC_5ebd3 -rdynamic 
CMakeFiles/cmTC_5ebd3.dir/CheckSymbolExists.c.o: In function `main':
CheckSymbolExists.c:(.text+0x16): undefined reference to `pthread_create'
collect2: error: ld returned 1 exit status
CMakeFiles/cmTC_5ebd3.dir/build.make:97: recipe for target 'cmTC_5ebd3' failed
make[1]: *** [cmTC_5ebd3] Error 1
make[1]: Leaving directory '/home/workspace/Where_Am_I/catkin_ws/build/CMakeFiles/CMakeTmp'
Makefile:126: recipe for target 'cmTC_5ebd3/fast' failed
make: *** [cmTC_5ebd3/fast] Error 2

File /home/workspace/Where_Am_I/catkin_ws/build/CMakeFiles/CMakeTmp/CheckSymbolExists.c:
/* */
#include <pthread.h>

int main(int argc, char** argv)
{
  (void)argv;
#ifndef pthread_create
  return ((int*)(&pthread_create))[argc];
#else
  (void)argc;
  return 0;
#endif
}

Determining if the function pthread_create exists in the pthreads failed with the following output:
Change Dir: /home/workspace/Where_Am_I/catkin_ws/build/CMakeFiles/CMakeTmp

Run Build Command:"/usr/bin/make" "cmTC_ff857/fast"
/usr/bin/make -f CMakeFiles/cmTC_ff857.dir/build.make CMakeFiles/cmTC_ff857.dir/build
make[1]: Entering directory '/home/workspace/Where_Am_I/catkin_ws/build/CMakeFiles/CMakeTmp'
Building C object CMakeFiles/cmTC_ff857.dir/CheckFunctionExists.c.o
/usr/bin/cc    -DCHECK_FUNCTION_EXISTS=pthread_create   -o CMakeFiles/cmTC_ff857.dir/CheckFunctionExists.c.o   -c /usr/share/cmake-3.5/Modules/CheckFunctionExists.c
Linking C executable cmTC_ff857
/usr/bin/cmake -E cmake_link_script CMakeFiles/cmTC_ff857.dir/link.txt --verbose=1
/usr/bin/cc   -DCHECK_FUNCTION_EXISTS=pthread_create    CMakeFiles/cmTC_ff857.dir/CheckFunctionExists.c.o  -o cmTC_ff857 -rdynamic -lpthreads 
/usr/bin/ld: cannot find -lpthreads
collect2: error: ld returned 1 exit status
CMakeFiles/cmTC_ff857.dir/build.make:97: recipe for target 'cmTC_ff857' failed
make[1]: *** [cmTC_ff857] Error 1
make[1]: Leaving directory '/home/workspace/Where_Am_I/catkin_ws/build/CMakeFiles/CMakeTmp'
Makefile:126: recipe for target 'cmTC_ff857/fast' failed
make: *** [cmTC_ff857/fast] Error 2


Determining if the include file pgm.h exists failed with the following output:
Change Dir: /home/workspace/Where_Am_I/catkin_ws/build/CMakeFiles/CMakeTmp

Run Build Command:"/usr/bin/make" "cmTC_18ba1/fast"
/usr/bin/make -f CMakeFiles/cmTC_18ba1.dir/build.make CMakeFiles/cmTC_18ba1.dir/build
make[1]: Entering directory '/home/workspace/Where_Am_I/catkin_ws/build/CMakeFiles/CMakeTmp'
Building CXX object CMakeFiles/cmTC_18ba1.dir/CheckIncludeFile.cxx.o
/usr/bin/c++      -o CMakeFiles/cmTC_18ba1.dir/CheckIncludeFile.cxx.o -c /home/workspace/Where_Am_I/catkin_ws/build/CMakeFiles/CMakeTmp/CheckIncludeFile.cxx
/home/workspace/Where_Am_I/catkin_ws/build/CMakeFiles/CMakeTmp/CheckIncludeFile.cxx:1:17: fatal error: pgm.h: No such file or directory
compilation terminated.
CMakeFiles/cmTC_18ba1.dir/build.make:65: recipe for target 'CMakeFiles/cmTC_18ba1.dir/CheckIncludeFile.cxx.o' failed
make[1]: *** [CMakeFiles/cmTC_18ba1.dir/CheckIncludeFile.cxx.o] Error 1
make[1]: Leaving directory '/home/workspace/Where_Am_I/catkin_ws/build/CMakeFiles/CMakeTmp'
Makefile:126: recipe for target 'cmTC_18ba1/fast' failed
make: *** [cmTC_18ba1/fast] Error 2


